app/build/outputs/logs/manifest-merger-debug-report.txt
-- Merging decision tree log ---
manifest
ADDED from src\main\AndroidManifest.xml:2:1-100:14
	xmlns:android
		ADDED from src\main\AndroidManifest.xml:2:11-69
	package
		ADDED from src\main\AndroidManifest.xml:3:5-40
		INJECTED from src\main\AndroidManifest.xml
		INJECTED from src\main\AndroidManifest.xml
	android:versionName
		ADDED from src\main\AndroidManifest.xml:5:5-32
	android:versionCode
		ADDED from src\main\AndroidManifest.xml:4:5-28
		INJECTED from src\main\AndroidManifest.xml
		INJECTED from src\main\AndroidManifest.xml
	android:installLocation
		ADDED from src\main\AndroidManifest.xml:6:5-35
uses-sdk
ADDED from src\main\AndroidManifest.xml:8:5-10:41
	android:targetSdkVersion
		ADDED from src\main\AndroidManifest.xml:10:9-38
		INJECTED from src\main\AndroidManifest.xml
		INJECTED from src\main\AndroidManifest.xml
	android:minSdkVersion
		ADDED from src\main\AndroidManifest.xml:9:9-34
		INJECTED from src\main\AndroidManifest.xml
		INJECTED from src\main\AndroidManifest.xml
supports-screens
ADDED from src\main\AndroidManifest.xml:12:5-16:40
	android:largeScreens
		ADDED from src\main\AndroidManifest.xml:13:9-36
	android:normalScreens
		ADDED from src\main\AndroidManifest.xml:14:9-37
	android:xlargeScreens
		ADDED from src\main\AndroidManifest.xml:16:9-37
	android:smallScreens
		ADDED from src\main\AndroidManifest.xml:15:9-36
uses-permission#com.android.vending.BILLING
ADDED from src\main\AndroidManifest.xml:19:5-67
	android:name
		ADDED from src\main\AndroidManifest.xml:19:22-64
application
ADDED from src\main\AndroidManifest.xml:21:5-98:19
	android:label
		ADDED from src\main\AndroidManifest.xml:24:9-41
	android:allowBackup
		ADDED from src\main\AndroidManifest.xml:22:9-35
	android:icon
		ADDED from src\main\AndroidManifest.xml:23:9-45
	android:theme
		ADDED from src\main\AndroidManifest.xml:25:9-51
activity#net.globide.coloring_book.SplashActivity
ADDED from src\main\AndroidManifest.xml:26:9-36:20
	android:screenOrientation
		ADDED from src\main\AndroidManifest.xml:29:13-50
	android:noHistory
		ADDED from src\main\AndroidManifest.xml:30:13-37
	android:label
		ADDED from src\main\AndroidManifest.xml:28:13-45
	android:name
		ADDED from src\main\AndroidManifest.xml:27:13-68
intent-filter#android.intent.action.MAIN+android.intent.category.LAUNCHER
ADDED from src\main\AndroidManifest.xml:31:13-35:29
action#android.intent.action.MAIN
ADDED from src\main\AndroidManifest.xml:32:17-69
	android:name
		ADDED from src\main\AndroidManifest.xml:32:25-66
category#android.intent.category.LAUNCHER
ADDED from src\main\AndroidManifest.xml:34:17-77
	android:name
		ADDED from src\main\AndroidManifest.xml:34:27-74
activity#net.globide.coloring_book.MainActivity
ADDED from src\main\AndroidManifest.xml:37:9-47:20
	android:screenOrientation
		ADDED from src\main\AndroidManifest.xml:41:13-50
	android:label
		ADDED from src\main\AndroidManifest.xml:40:13-45
	android:exported
		ADDED from src\main\AndroidManifest.xml:39:13-37
	android:name
		ADDED from src\main\AndroidManifest.xml:38:13-66
intent-filter#android.intent.category.DEFAULT+net.globide.coloring_book.MAINACTIVITY
ADDED from src\main\AndroidManifest.xml:42:13-46:29
action#net.globide.coloring_book.MAINACTIVITY
ADDED from src\main\AndroidManifest.xml:43:17-81
	android:name
		ADDED from src\main\AndroidManifest.xml:43:25-78
category#android.intent.category.DEFAULT
ADDED from src\main\AndroidManifest.xml:45:17-76
	android:name
		ADDED from src\main\AndroidManifest.xml:45:27-73
activity#net.globide.coloring_book.ColorActivity
ADDED from src\main\AndroidManifest.xml:48:9-58:20
	android:screenOrientation
		ADDED from src\main\AndroidManifest.xml:52:13-50
	android:label
		ADDED from src\main\AndroidManifest.xml:51:13-45
	android:exported
		ADDED from src\main\AndroidManifest.xml:50:13-37
	android:name
		ADDED from src\main\AndroidManifest.xml:49:13-67
intent-filter#android.intent.category.DEFAULT+net.globide.coloring_book.COLORACTIVITY
ADDED from src\main\AndroidManifest.xml:53:13-57:29
action#net.globide.coloring_book.COLORACTIVITY
ADDED from src\main\AndroidManifest.xml:54:17-82
	android:name
		ADDED from src\main\AndroidManifest.xml:54:25-79
activity#net.globide.coloring_book.MainPanelFragment
ADDED from src\main\AndroidManifest.xml:59:9-63:20
	android:screenOrientation
		ADDED from src\main\AndroidManifest.xml:62:13-50
	android:label
		ADDED from src\main\AndroidManifest.xml:61:13-45
	android:name
		ADDED from src\main\AndroidManifest.xml:60:13-71
activity#net.globide.coloring_book.SettingsActivity
ADDED from src\main\AndroidManifest.xml:64:9-74:20
	android:screenOrientation
		ADDED from src\main\AndroidManifest.xml:68:13-50
	android:label
		ADDED from src\main\AndroidManifest.xml:67:13-37
	android:exported
		ADDED from src\main\AndroidManifest.xml:66:13-37
	android:name
		ADDED from src\main\AndroidManifest.xml:65:13-70
intent-filter#android.intent.category.DEFAULT+net.globide.coloring_book.SETTINGSACTIVITY
ADDED from src\main\AndroidManifest.xml:69:13-73:29
action#net.globide.coloring_book.SETTINGSACTIVITY
ADDED from src\main\AndroidManifest.xml:70:17-85
	android:name
		ADDED from src\main\AndroidManifest.xml:70:25-82
activity#net.globide.coloring_book.CreditsActivity
ADDED from src\main\AndroidManifest.xml:75:9-85:20
	android:screenOrientation
		ADDED from src\main\AndroidManifest.xml:79:13-50
	android:label
		ADDED from src\main\AndroidManifest.xml:78:13-45
	android:exported
		ADDED from src\main\AndroidManifest.xml:77:13-37
	android:name
		ADDED from src\main\AndroidManifest.xml:76:13-69
intent-filter#android.intent.category.DEFAULT+net.globide.coloring_book.CREDITSACTIVITY
ADDED from src\main\AndroidManifest.xml:80:13-84:29
action#net.globide.coloring_book.CREDITSACTIVITY
ADDED from src\main\AndroidManifest.xml:81:17-84
	android:name
		ADDED from src\main\AndroidManifest.xml:81:25-81
activity#net.globide.coloring_book.HelpActivity
ADDED from src\main\AndroidManifest.xml:86:9-97:20
	android:screenOrientation
		ADDED from src\main\AndroidManifest.xml:90:13-50
	android:label
		ADDED from src\main\AndroidManifest.xml:89:13-33
	android:theme
		ADDED from src\main\AndroidManifest.xml:91:13-56
	android:exported
		ADDED from src\main\AndroidManifest.xml:88:13-37
	android:name
		ADDED from src\main\AndroidManifest.xml:87:13-66
intent-filter#android.intent.category.DEFAULT+net.globide.coloring_book.HELPACTIVITY
ADDED from src\main\AndroidManifest.xml:92:13-96:29
action#net.globide.coloring_book.HELPACTIVITY
ADDED from src\main\AndroidManifest.xml:93:17-81
	android:name
		ADDED from src\main\AndroidManifest.xml:93:25-78